<?xml version="1.0" encoding="UTF-8"?>
<testsuite xmlns:xsi="http://www.w3.org/2001/XMLSchema-instance" xsi:noNamespaceSchemaLocation="https://maven.apache.org/surefire/maven-surefire-plugin/xsd/surefire-test-report.xsd" name="com.sishuok.architecture1.common.AppTest" time="0.032" tests="1" errors="0" skipped="0" failures="0">
  <properties>
    <property name="user.variant" value=""/>
    <property name="java.vm.info" value="mixed mode"/>
    <property name="file.encoding.pkg" value="sun.io"/>
    <property name="file.encoding" value="GBK"/>
    <property name="java.specification.name" value="Java Platform API Specification"/>
    <property name="sun.os.patch.level" value=""/>
    <property name="user.dir" value="F:\ideaws\architecture1\goodsmgr"/>
    <property name="line.separator" value="&#10;"/>
    <property name="java.home" value="F:\jdk1.7.0_07\jre"/>
    <property name="user.name" value="qi"/>
    <property name="sun.boot.library.path" value="F:\jdk1.7.0_07\jre\bin"/>
    <property name="user.home" value="C:\Users\qi"/>
    <property name="localRepository" value="F:\localrepertory"/>
    <property name="sun.java.launcher" value="SUN_STANDARD"/>
    <property name="java.class.version" value="51.0"/>
    <property name="user.language" value="zh"/>
    <property name="java.vendor.url.bug" value="http://bugreport.sun.com/bugreport/"/>
    <property name="sun.jnu.encoding" value="GBK"/>
    <property name="java.io.tmpdir" value="C:\Users\qi\AppData\Local\Temp\"/>
    <property name="java.specification.vendor" value="Oracle Corporation"/>
    <property name="file.separator" value="\"/>
    <property name="java.class.path" value="F:\ideaws\architecture1\goodsmgr\target\test-classes;F:\ideaws\architecture1\goodsmgr\target\classes;F:\localrepertory\junit\junit\4.11\junit-4.11.jar;F:\localrepertory\org\hamcrest\hamcrest-core\1.3\hamcrest-core-1.3.jar;"/>
    <property name="java.vm.vendor" value="Oracle Corporation"/>
    <property name="sun.cpu.endian" value="little"/>
    <property name="maven.repo.local" value="F:\localrepertory"/>
    <property name="java.vm.specification.vendor" value="Oracle Corporation"/>
    <property name="java.specification.version" value="1.7"/>
    <property name="user.script" value=""/>
    <property name="awt.toolkit" value="sun.awt.windows.WToolkit"/>
    <property name="sun.java.command" value="C:\Users\qi\AppData\Local\Temp\surefire6107560415868005919\surefirebooter6245927230706480176.jar C:\Users\qi\AppData\Local\Temp\surefire6107560415868005919 2018-11-24T16-36-34_991-jvmRun1 surefire749780192792657840tmp surefire_09205523224412753390tmp"/>
    <property name="user.timezone" value=""/>
    <property name="surefire.test.class.path" value="F:\ideaws\architecture1\goodsmgr\target\test-classes;F:\ideaws\architecture1\goodsmgr\target\classes;F:\localrepertory\junit\junit\4.11\junit-4.11.jar;F:\localrepertory\org\hamcrest\hamcrest-core\1.3\hamcrest-core-1.3.jar;"/>
    <property name="java.runtime.version" value="1.7.0_07-b11"/>
    <property name="java.vendor" value="Oracle Corporation"/>
    <property name="sun.management.compiler" value="HotSpot 64-Bit Tiered Compilers"/>
    <property name="sun.arch.data.model" value="64"/>
    <property name="os.arch" value="amd64"/>
    <property name="sun.io.unicode.encoding" value="UnicodeLittle"/>
    <property name="java.awt.printerjob" value="sun.awt.windows.WPrinterJob"/>
    <property name="path.separator" value=";"/>
    <property name="java.runtime.name" value="Java(TM) SE Runtime Environment"/>
    <property name="java.vendor.url" value="http://java.oracle.com/"/>
    <property name="sun.boot.class.path" value="F:\jdk1.7.0_07\jre\lib\resources.jar;F:\jdk1.7.0_07\jre\lib\rt.jar;F:\jdk1.7.0_07\jre\lib\sunrsasign.jar;F:\jdk1.7.0_07\jre\lib\jsse.jar;F:\jdk1.7.0_07\jre\lib\jce.jar;F:\jdk1.7.0_07\jre\lib\charsets.jar;F:\jdk1.7.0_07\jre\lib\jfr.jar;F:\jdk1.7.0_07\jre\classes"/>
    <property name="surefire.real.class.path" value="C:\Users\qi\AppData\Local\Temp\surefire6107560415868005919\surefirebooter6245927230706480176.jar"/>
    <property name="java.endorsed.dirs" value="F:\jdk1.7.0_07\jre\lib\endorsed"/>
    <property name="sun.desktop" value="windows"/>
    <property name="idea.version" value="2017.1.3"/>
    <property name="java.vm.version" value="23.3-b01"/>
    <property name="os.name" value="Windows 8"/>
    <property name="java.vm.specification.version" value="1.7"/>
    <property name="sun.cpu.isalist" value="amd64"/>
    <property name="java.version" value="1.7.0_07"/>
    <property name="java.vm.specification.name" value="Java Virtual Machine Specification"/>
    <property name="java.ext.dirs" value="F:\jdk1.7.0_07\jre\lib\ext;C:\WINDOWS\Sun\Java\lib\ext"/>
    <property name="os.version" value="6.2"/>
    <property name="basedir" value="F:\ideaws\architecture1\goodsmgr"/>
    <property name="java.library.path" value="F:\jdk1.7.0_07\jre\bin;C:\WINDOWS\Sun\Java\bin;C:\WINDOWS\system32;C:\WINDOWS;C:\Program Files (x86)\Common Files\NetSarang;F:\jdk1.7.0_07\bin;C:\Program Files (x86)\Intel\iCLS Client\;C:\Program Files\Intel\iCLS Client\;C:\Windows\system32;C:\Windows;C:\Windows\System32\Wbem;C:\Windows\System32\WindowsPowerShell\v1.0\;C:\Program Files (x86)\Intel\Intel(R) Management Engine Components\DAL;C:\Program Files\Intel\Intel(R) Management Engine Components\DAL;C:\Program Files (x86)\Intel\Intel(R) Management Engine Components\IPT;C:\Program Files\Intel\Intel(R) Management Engine Components\IPT;C:\Program Files (x86)\NVIDIA Corporation\PhysX\Common;F:\MYSQL\bin;C:\bin;F:\apache-maven-3.2.5\apache-maven-3.2.5\bin;F:\svn\bin;C:\WINDOWS\system32;C:\WINDOWS;C:\WINDOWS\System32\Wbem;C:\WINDOWS\System32\WindowsPowerShell\v1.0\;C:\WINDOWS\System32\OpenSSH\;C:\Users\qi\AppData\Local\Microsoft\WindowsApps;;."/>
    <property name="java.awt.graphicsenv" value="sun.awt.Win32GraphicsEnvironment"/>
    <property name="java.vm.name" value="Java HotSpot(TM) 64-Bit Server VM"/>
    <property name="user.country" value="CN"/>
  </properties>
  <testcase name="shouldAnswerWithTrue" classname="com.sishuok.architecture1.common.AppTest" time="0.001"/>
</testsuite>